Using pre-set license
Built from '2022.3/staging' branch; Version is '2022.3.17f1 (4fc78088f837) revision 5228416'; Using compiler version '192829333'; Build Type 'Release'
OS: 'Windows 11  (10.0.22631) 64bit Core' Language: 'en' Physical Memory: 16108 MB
BatchMode: 1, IsHumanControllingUs: 0, StartBugReporterOnCrash: 0, Is64bit: 1, IsPro: 1

COMMAND LINE ARGUMENTS:
C:\Program Files\Unity\Hub\Editor\2022.3.17f1\Editor\Unity.exe
-adb2
-batchMode
-noUpm
-name
AssetImportWorker11
-projectPath
C:/Users/mitch/OneDrive/Bureaublad/School/2023-2024/Blok 3/BPW2/BPW2_git/BPW 2
-logFile
Logs/AssetImportWorker11.log
-srvPort
50862
Successfully changed project path to: C:/Users/mitch/OneDrive/Bureaublad/School/2023-2024/Blok 3/BPW2/BPW2_git/BPW 2
C:/Users/mitch/OneDrive/Bureaublad/School/2023-2024/Blok 3/BPW2/BPW2_git/BPW 2
[UnityMemory] Configuration Parameters - Can be set up in boot.config
    "memorysetup-bucket-allocator-granularity=16"
    "memorysetup-bucket-allocator-bucket-count=8"
    "memorysetup-bucket-allocator-block-size=33554432"
    "memorysetup-bucket-allocator-block-count=8"
    "memorysetup-main-allocator-block-size=16777216"
    "memorysetup-thread-allocator-block-size=16777216"
    "memorysetup-gfx-main-allocator-block-size=16777216"
    "memorysetup-gfx-thread-allocator-block-size=16777216"
    "memorysetup-cache-allocator-block-size=4194304"
    "memorysetup-typetree-allocator-block-size=2097152"
    "memorysetup-profiler-bucket-allocator-granularity=16"
    "memorysetup-profiler-bucket-allocator-bucket-count=8"
    "memorysetup-profiler-bucket-allocator-block-size=33554432"
    "memorysetup-profiler-bucket-allocator-block-count=8"
    "memorysetup-profiler-allocator-block-size=16777216"
    "memorysetup-profiler-editor-allocator-block-size=1048576"
    "memorysetup-temp-allocator-size-main=16777216"
    "memorysetup-job-temp-allocator-block-size=2097152"
    "memorysetup-job-temp-allocator-block-size-background=1048576"
    "memorysetup-job-temp-allocator-reduction-small-platforms=262144"
    "memorysetup-allocator-temp-initial-block-size-main=262144"
    "memorysetup-allocator-temp-initial-block-size-worker=262144"
    "memorysetup-temp-allocator-size-background-worker=32768"
    "memorysetup-temp-allocator-size-job-worker=262144"
    "memorysetup-temp-allocator-size-preload-manager=33554432"
    "memorysetup-temp-allocator-size-nav-mesh-worker=65536"
    "memorysetup-temp-allocator-size-audio-worker=65536"
    "memorysetup-temp-allocator-size-cloud-worker=32768"
    "memorysetup-temp-allocator-size-gi-baking-worker=262144"
    "memorysetup-temp-allocator-size-gfx=262144"
Player connection [42876] Host "[IP] 192.168.178.143 [Port] 0 [Flags] 2 [Guid] 270470311 [EditorId] 270470311 [Version] 1048832 [Id] WindowsEditor(7,Mitchel) [Debug] 1 [PackageName] WindowsEditor [ProjectName] Editor" joined multi-casting on [225.0.0.222:54997]...

Player connection [42876] Host "[IP] 192.168.178.143 [Port] 0 [Flags] 2 [Guid] 270470311 [EditorId] 270470311 [Version] 1048832 [Id] WindowsEditor(7,Mitchel) [Debug] 1 [PackageName] WindowsEditor [ProjectName] Editor" joined alternative multi-casting on [225.0.0.222:34997]...

[Physics::Module] Initialized MultithreadedJobDispatcher with 15 workers.
Refreshing native plugins compatible for Editor in 9.32 ms, found 3 plugins.
Preloading 0 native plugins for Editor in 0.00 ms.
Initialize engine version: 2022.3.17f1 (4fc78088f837)
[Subsystems] Discovering subsystems at path C:/Program Files/Unity/Hub/Editor/2022.3.17f1/Editor/Data/Resources/UnitySubsystems
[Subsystems] Discovering subsystems at path C:/Users/mitch/OneDrive/Bureaublad/School/2023-2024/Blok 3/BPW2/BPW2_git/BPW 2/Assets
GfxDevice: creating device client; threaded=0; jobified=0
Direct3D:
    Version:  Direct3D 11.0 [level 11.1]
    Renderer: NVIDIA GeForce RTX 4050 Laptop GPU (ID=0x28e1)
    Vendor:   NVIDIA
    VRAM:     5936 MB
    Driver:   31.0.15.4629
Initialize mono
Mono path[0] = 'C:/Program Files/Unity/Hub/Editor/2022.3.17f1/Editor/Data/Managed'
Mono path[1] = 'C:/Program Files/Unity/Hub/Editor/2022.3.17f1/Editor/Data/MonoBleedingEdge/lib/mono/unityjit-win32'
Mono config path = 'C:/Program Files/Unity/Hub/Editor/2022.3.17f1/Editor/Data/MonoBleedingEdge/etc'
Using monoOptions --debugger-agent=transport=dt_socket,embedding=1,server=y,suspend=n,address=127.0.0.1:56916
Begin MonoManager ReloadAssembly
Registering precompiled unity dll's ...
Register platform support module: C:/Program Files/Unity/Hub/Editor/2022.3.17f1/Editor/Data/PlaybackEngines/AndroidPlayer/UnityEditor.Android.Extensions.dll
Register platform support module: C:/Program Files/Unity/Hub/Editor/2022.3.17f1/Editor/Data/PlaybackEngines/iOSSupport/UnityEditor.iOS.Extensions.dll
Register platform support module: C:/Program Files/Unity/Hub/Editor/2022.3.17f1/Editor/Data/PlaybackEngines/WindowsStandaloneSupport/UnityEditor.WindowsStandalone.Extensions.dll
Registered in 0.011253 seconds.
- Loaded All Assemblies, in  0.367 seconds
Native extension for WindowsStandalone target not found
[usbmuxd] Start listen thread
[usbmuxd] Listen thread started
Native extension for iOS target not found
Native extension for Android target not found
Android Extension - Scanning For ADB Devices 391 ms
Mono: successfully reloaded assembly
- Finished resetting the current domain, in  0.805 seconds
Domain Reload Profiling: 1171ms
	BeginReloadAssembly (103ms)
		ExecutionOrderSort (0ms)
		DisableScriptedObjects (0ms)
		BackupInstance (0ms)
		ReleaseScriptingObjects (0ms)
		CreateAndSetChildDomain (1ms)
	RebuildCommonClasses (33ms)
	RebuildNativeTypeToScriptingClass (12ms)
	initialDomainReloadingComplete (73ms)
	LoadAllAssembliesAndSetupDomain (143ms)
		LoadAssemblies (103ms)
		RebuildTransferFunctionScriptingTraits (0ms)
		AnalyzeDomain (140ms)
			TypeCache.Refresh (139ms)
				TypeCache.ScanAssembly (126ms)
			ScanForSourceGeneratedMonoScriptInfo (0ms)
			ResolveRequiredComponents (1ms)
	FinalizeReload (806ms)
		ReleaseScriptCaches (0ms)
		RebuildScriptCaches (0ms)
		SetupLoadedEditorAssemblies (747ms)
			LogAssemblyErrors (0ms)
			InitializePlatformSupportModulesInManaged (577ms)
			SetLoadedEditorAssemblies (3ms)
			RefreshPlugins (0ms)
			BeforeProcessingInitializeOnLoad (2ms)
			ProcessInitializeOnLoadAttributes (113ms)
			ProcessInitializeOnLoadMethodAttributes (53ms)
			AfterProcessingInitializeOnLoad (0ms)
			EditorAssembliesLoaded (0ms)
		ExecutionOrderSort2 (0ms)
		AwakeInstancesAfterBackupRestoration (0ms)
========================================================================
Worker process is ready to serve import requests
Begin MonoManager ReloadAssembly
- Loaded All Assemblies, in  0.974 seconds
Refreshing native plugins compatible for Editor in 3.44 ms, found 3 plugins.
Native extension for WindowsStandalone target not found
Native extension for iOS target not found
Native extension for Android target not found
Package Manager log level set to [2]
[Package Manager] Server::EnsureServerProcessIsRunning -- launch failed, reason: Unity was launched with the -noUpm command-line argument
[Package Manager] UpmClient::Send -- Unable to send message (not connected to UPM process).
[Package Manager] Cannot connect to Unity Package Manager local server
Mono: successfully reloaded assembly
- Finished resetting the current domain, in  0.826 seconds
Domain Reload Profiling: 1798ms
	BeginReloadAssembly (171ms)
		ExecutionOrderSort (0ms)
		DisableScriptedObjects (5ms)
		BackupInstance (0ms)
		ReleaseScriptingObjects (0ms)
		CreateAndSetChildDomain (24ms)
	RebuildCommonClasses (36ms)
	RebuildNativeTypeToScriptingClass (11ms)
	initialDomainReloadingComplete (40ms)
	LoadAllAssembliesAndSetupDomain (713ms)
		LoadAssemblies (514ms)
		RebuildTransferFunctionScriptingTraits (0ms)
		AnalyzeDomain (309ms)
			TypeCache.Refresh (258ms)
				TypeCache.ScanAssembly (225ms)
			ScanForSourceGeneratedMonoScriptInfo (32ms)
			ResolveRequiredComponents (17ms)
	FinalizeReload (827ms)
		ReleaseScriptCaches (0ms)
		RebuildScriptCaches (0ms)
		SetupLoadedEditorAssemblies (624ms)
			LogAssemblyErrors (0ms)
			InitializePlatformSupportModulesInManaged (38ms)
			SetLoadedEditorAssemblies (4ms)
			RefreshPlugins (0ms)
			BeforeProcessingInitializeOnLoad (78ms)
			ProcessInitializeOnLoadAttributes (418ms)
			ProcessInitializeOnLoadMethodAttributes (77ms)
			AfterProcessingInitializeOnLoad (9ms)
			EditorAssembliesLoaded (0ms)
		ExecutionOrderSort2 (0ms)
		AwakeInstancesAfterBackupRestoration (7ms)
Launched and connected shader compiler UnityShaderCompiler.exe after 0.10 seconds
Refreshing native plugins compatible for Editor in 3.94 ms, found 3 plugins.
Preloading 0 native plugins for Editor in 0.00 ms.
Unloading 5907 Unused Serialized files (Serialized files now loaded: 0)
Unloading 79 unused Assets / (1.4 MB). Loaded Objects now: 6368.
Memory consumption went from 240.1 MB to 238.7 MB.
Total: 5.174500 ms (FindLiveObjects: 0.478800 ms CreateObjectMapping: 0.294600 ms MarkObjects: 3.907400 ms  DeleteObjects: 0.492100 ms)

AssetImportParameters requested are different than current active one (requested -> active):
  custom:container-demuxer-ogg: 62fdf1f143b41e24485cea50d1cbac27 -> 
  custom:video-codec-MediaFoundation-h265: 746d11721c4dcdbdad8f713fa42b33f4 -> 
  custom:video-decoder-ogg-theora: a1e56fd34408186e4bbccfd4996cb3dc -> 
  custom:framework-win-MediaFoundation: 216162199b28c13a410421893ffa2e32 -> 
  custom:CustomObjectIndexerAttribute: 62b5816608c3102f162a1797e29626cf -> 
  custom:container-demuxer-webm: 4f35f7cbe854078d1ac9338744f61a02 -> 
  custom:container-muxer-webm: aa71ff27fc2769a1b78a27578f13a17b -> 
  custom:video-decoder-webm-vp8: 9c59270c3fd7afecdb556c50c9e8de78 -> 
  custom:SearchIndexIgnoredProperties: e643bd26f0fe6173181afceb89e7c659 -> 
  custom:AudioImporter_EditorPlatform: d09bf68614088b80899f8185d706f6e7 -> 
  custom:video-encoder-webm-vp8: eb34c28f22e8b96e1ab97ce403110664 -> 
  custom:audio-decoder-ogg-vorbis: bf7c407c2cedff20999df2af8eb42d56 -> 
  custom:audio-encoder-webm-vorbis: bf7c407c2cedff20999df2af8eb42d56 -> 
========================================================================
Received Import Request.
  Time since last request: 194883.217687 seconds.
  path: Assets/Shaders/Leaves.mat
  artifactKey: Guid(f9b28062c078b6342880abbe8e7525cf) Importer(815301076,1909f56bfc062723c751e8b465ee728b)
Start importing Assets/Shaders/Leaves.mat using Guid(f9b28062c078b6342880abbe8e7525cf) Importer(815301076,1909f56bfc062723c751e8b465ee728b)  -> (artifact id: '3ba371cdf255763f58bb6c9d04aafea1') in 0.347703 seconds
Number of updated asset objects reloaded before import = 1
Number of asset objects unloaded after import = 3
========================================================================
Received Import Request.
  Time since last request: 6.759358 seconds.
  path: Assets/VFX/Vine.vfx
  artifactKey: Guid(49cdca54a17c45a49a7e0216bf9fe065) Importer(815301076,1909f56bfc062723c751e8b465ee728b)
Start importing Assets/VFX/Vine.vfx using Guid(49cdca54a17c45a49a7e0216bf9fe065) Importer(815301076,1909f56bfc062723c751e8b465ee728b)  -> (artifact id: '7427e99c9639399be422ddcf8bd54b63') in 0.003021 seconds
Number of updated asset objects reloaded before import = 1
Number of asset objects unloaded after import = 4
========================================================================
Received Import Request.
  Time since last request: 7.463657 seconds.
  path: Assets/VFX/Vine.vfx
  artifactKey: Guid(49cdca54a17c45a49a7e0216bf9fe065) Importer(815301076,1909f56bfc062723c751e8b465ee728b)
Start importing Assets/VFX/Vine.vfx using Guid(49cdca54a17c45a49a7e0216bf9fe065) Importer(815301076,1909f56bfc062723c751e8b465ee728b)  -> (artifact id: 'c50f0a75aacec601c408633dd721c51e') in 0.003229 seconds
Number of updated asset objects reloaded before import = 1
Number of asset objects unloaded after import = 4
========================================================================
Received Import Request.
  Time since last request: 4.492424 seconds.
  path: Assets/VFX/Vine.vfx
  artifactKey: Guid(49cdca54a17c45a49a7e0216bf9fe065) Importer(815301076,1909f56bfc062723c751e8b465ee728b)
Start importing Assets/VFX/Vine.vfx using Guid(49cdca54a17c45a49a7e0216bf9fe065) Importer(815301076,1909f56bfc062723c751e8b465ee728b)  -> (artifact id: '3f570a60786310e155666112612b00fa') in 0.003342 seconds
Number of updated asset objects reloaded before import = 1
Number of asset objects unloaded after import = 4
========================================================================
Received Import Request.
  Time since last request: 14.919722 seconds.
  path: Assets/VFX/Vine.vfx
  artifactKey: Guid(49cdca54a17c45a49a7e0216bf9fe065) Importer(815301076,1909f56bfc062723c751e8b465ee728b)
Start importing Assets/VFX/Vine.vfx using Guid(49cdca54a17c45a49a7e0216bf9fe065) Importer(815301076,1909f56bfc062723c751e8b465ee728b)  -> (artifact id: 'b10429cd33034eb5b79e439e9ac99ddf') in 0.004902 seconds
Number of updated asset objects reloaded before import = 1
Number of asset objects unloaded after import = 4
========================================================================
Received Import Request.
  Time since last request: 61.559698 seconds.
  path: Assets/VFX/Vine.vfx
  artifactKey: Guid(49cdca54a17c45a49a7e0216bf9fe065) Importer(815301076,1909f56bfc062723c751e8b465ee728b)
Start importing Assets/VFX/Vine.vfx using Guid(49cdca54a17c45a49a7e0216bf9fe065) Importer(815301076,1909f56bfc062723c751e8b465ee728b)  -> (artifact id: 'ead2fe64c047f99af97c48d0dfbc9e36') in 0.003932 seconds
Number of updated asset objects reloaded before import = 1
Number of asset objects unloaded after import = 4
========================================================================
Received Import Request.
  Time since last request: 33.400672 seconds.
  path: Assets/VFX/Vine.vfx
  artifactKey: Guid(49cdca54a17c45a49a7e0216bf9fe065) Importer(815301076,1909f56bfc062723c751e8b465ee728b)
Start importing Assets/VFX/Vine.vfx using Guid(49cdca54a17c45a49a7e0216bf9fe065) Importer(815301076,1909f56bfc062723c751e8b465ee728b)  -> (artifact id: '2bffb809e59e843bf295a250efe2398c') in 0.003572 seconds
Number of updated asset objects reloaded before import = 1
Number of asset objects unloaded after import = 4
========================================================================
Received Import Request.
  Time since last request: 5.094074 seconds.
  path: Assets/VFX/Vine.vfx
  artifactKey: Guid(49cdca54a17c45a49a7e0216bf9fe065) Importer(815301076,1909f56bfc062723c751e8b465ee728b)
Start importing Assets/VFX/Vine.vfx using Guid(49cdca54a17c45a49a7e0216bf9fe065) Importer(815301076,1909f56bfc062723c751e8b465ee728b)  -> (artifact id: 'f1e7217d4b73c1c50c6197387cd4a630') in 0.003082 seconds
Number of updated asset objects reloaded before import = 1
Number of asset objects unloaded after import = 4
========================================================================
Received Import Request.
  Time since last request: 5.564974 seconds.
  path: Assets/VFX/Vine.vfx
  artifactKey: Guid(49cdca54a17c45a49a7e0216bf9fe065) Importer(815301076,1909f56bfc062723c751e8b465ee728b)
Start importing Assets/VFX/Vine.vfx using Guid(49cdca54a17c45a49a7e0216bf9fe065) Importer(815301076,1909f56bfc062723c751e8b465ee728b)  -> (artifact id: 'f8d10c9844fd4110879a2abce57d9393') in 0.003120 seconds
Number of updated asset objects reloaded before import = 1
Number of asset objects unloaded after import = 4
========================================================================
Received Import Request.
  Time since last request: 3.878924 seconds.
  path: Assets/VFX/Vine.vfx
  artifactKey: Guid(49cdca54a17c45a49a7e0216bf9fe065) Importer(815301076,1909f56bfc062723c751e8b465ee728b)
Start importing Assets/VFX/Vine.vfx using Guid(49cdca54a17c45a49a7e0216bf9fe065) Importer(815301076,1909f56bfc062723c751e8b465ee728b)  -> (artifact id: 'be855577b1c47f3919668ae0473925df') in 0.002575 seconds
Number of updated asset objects reloaded before import = 1
Number of asset objects unloaded after import = 4
========================================================================
Received Import Request.
  Time since last request: 5.431903 seconds.
  path: Assets/VFX/Vine.vfx
  artifactKey: Guid(49cdca54a17c45a49a7e0216bf9fe065) Importer(815301076,1909f56bfc062723c751e8b465ee728b)
Start importing Assets/VFX/Vine.vfx using Guid(49cdca54a17c45a49a7e0216bf9fe065) Importer(815301076,1909f56bfc062723c751e8b465ee728b)  -> (artifact id: '4dcb2cc7807080209c2c17e2d649d695') in 0.003396 seconds
Number of updated asset objects reloaded before import = 1
Number of asset objects unloaded after import = 4
